Can't create socket for ARP datagram, error: Operation not permitted
Ethernet/ip substitutions will be disabled.
Can't resolve 'BATAREIKA' netbios name
The message to 'BATAREIKA' was not sent
Error: message was not sent
Can't create socket for ARP datagram, error: Operation not permitted
Ethernet/ip substitutions will be disabled.
Can't resolve 'HTTP://JLARKY/NAT-SITE' netbios name
The message to 'HTTP://JLARKY/NAT-SITE' was not sent
Error: message was not sent
Can't create socket for ARP datagram, error: Operation not permitted
Ethernet/ip substitutions will be disabled.
Can't resolve 'KIR' netbios name
The message to 'KIR' was not sent
Error: message was not sent
Can't create socket for ARP datagram, error: Operation not permitted
Ethernet/ip substitutions will be disabled.
Can't resolve 'KSADRV' netbios name
The message to 'KSADRV' was not sent
Error: message was not sent
Can't create socket for ARP datagram, error: Operation not permitted
Ethernet/ip substitutions will be disabled.
Can't resolve 'LIGHTKNIGHT' netbios name
The message to 'LIGHTKNIGHT' was not sent
Error: message was not sent
Can't create socket for ARP datagram, error: Operation not permitted
Ethernet/ip substitutions will be disabled.
Can't resolve 'LIGHTKNIGHT' netbios name
The message to 'LIGHTKNIGHT' was not sent
Error: message was not sent
Can't create socket for ARP datagram, error: Operation not permitted
Ethernet/ip substitutions will be disabled.
Can't resolve 'LIGHTKNIGHT' netbios name
The message to 'LIGHTKNIGHT' was not sent
Error: message was not sent
Can't create socket for ARP datagram, error: Operation not permitted
Ethernet/ip substitutions will be disabled.
Can't resolve 'LIGHTKNIGHT' netbios name
The message to 'LIGHTKNIGHT' was not sent
Error: message was not sent
Can't create socket for ARP datagram, error: Operation not permitted
Ethernet/ip substitutions will be disabled.
Can't resolve 'LIGHTKNIGHT' netbios name
The message to 'LIGHTKNIGHT' was not sent
Error: message was not sent
Can't create socket for ARP datagram, error: Operation not permitted
Ethernet/ip substitutions will be disabled.
Can't resolve 'MARISHKA' netbios name
The message to 'MARISHKA' was not sent
Error: message was not sent
Can't create socket for ARP datagram, error: Operation not permitted
Ethernet/ip substitutions will be disabled.
Can't resolve 'PROXY' netbios name
The message to 'PROXY' was not sent
Error: message was not sent
Can't create socket for ARP datagram, error: Operation not permitted
Ethernet/ip substitutions will be disabled.
Can't resolve 'REFDER' netbios name
The message to 'REFDER' was not sent
Error: message was not sent
Can't create socket for ARP datagram, error: Operation not permitted
Ethernet/ip substitutions will be disabled.
Can't resolve 'REFDER' netbios name
The message to 'REFDER' was not sent
Error: message was not sent
Can't create socket for ARP datagram, error: Operation not permitted
Ethernet/ip substitutions will be disabled.
Can't resolve 'R' netbios name
The message to 'R' was not sent
Error: message was not sent
Can't create socket for ARP datagram, error: Operation not permitted
Ethernet/ip substitutions will be disabled.
Can't resolve 'SALSAMORTALE' netbios name
The message to 'SALSAMORTALE' was not sent
Error: message was not sent
Can't create socket for ARP datagram, error: Operation not permitted
Ethernet/ip substitutions will be disabled.
Can't resolve 'SALSAMORTALE' netbios name
The message to 'SALSAMORTALE' was not sent
Error: message was not sent
Can't create socket for ARP datagram, error: Operation not permitted
Ethernet/ip substitutions will be disabled.
Can't resolve 'SALSAMORTALE' netbios name
The message to 'SALSAMORTALE' was not sent
Error: message was not sent
Can't create socket for ARP datagram, error: Operation not permitted
Ethernet/ip substitutions will be disabled.
Can't resolve 'SALSAMORTALE' netbios name
The message to 'SALSAMORTALE' was not sent
Error: message was not sent
Can't create socket for ARP datagram, error: Operation not permitted
Ethernet/ip substitutions will be disabled.
Can't resolve 'WILKA' netbios name
The message to 'WILKA' was not sent
Error: message was not sent
Can't create socket for ARP datagram, error: Operation not permitted
Ethernet/ip substitutions will be disabled.
Can't resolve 'WILKA' netbios name
The message to 'WILKA' was not sent
Error: message was not sent
Can't create socket for ARP datagram, error: Operation not permitted
Ethernet/ip substitutions will be disabled.
Can't resolve 'CRONTABS' netbios name
The message to 'CRONTABS' was not sent
Error: message was not sent
